<?xml version="1.0" encoding="UTF-8"?>
<!-- Generated by org.testng.reporters.JUnitReportReporter -->
<testsuite skipped="0" hostname="lenovo-PC" name="testcases.VerifySignUP" tests="1" failures="0" timestamp="14 Mar 2018 11:58:51 GMT" time="34.544" errors="0">
  <testcase name="TestSignUp" time="34.544" classname="testcases.VerifySignUP"/>
</testsuite> <!-- testcases.VerifySignUP -->
